Arguments: 
  C:\Program Files\nodejs\node.exe C:\Program Files (x86)\Yarn\bin\yarn.js add @babel/core @babel/preset-env @babel-preset-react -D

PATH: 
  C:\Program Files (x86)\cmder\bin;C:\Program Files (x86)\cmder\vendor\bin;C:\Program Files (x86)\cmder\vendor\conemu-maximus5\ConEmu\Scripts;C:\Program Files (x86)\cmder\vendor\conemu-maximus5;C:\Program Files (x86)\cmder\vendor\conemu-maximus5\ConEmu;C:\ProgramData\DockerDesktop\version-bin;C:\Program Files\Docker\Docker\Resources\bin;C:\Python27\;C:\Python27\Scripts;C:\Program Files (x86)\Common Files\Oracle\Java\javapath;C:\Program Files\Python37\Scripts\;C:\Program Files\Python37\;C:\Windows\system32;C:\Windows;C:\Windows\System32\Wbem;C:\Windows\System32\WindowsPowerShell\v1.0\;C:\Windows\System32\OpenSSH\;C:\Program Files\MySQL\MySQL Utilities 1.6\;C:\Program Files\Microsoft SQL Server\130\Tools\Binn\;"C:\Users\fselvino\AppData\Roaming\Microsoft\Windows\Start Menu\Programs\Python 3.7;";C:\Users\fselvino\AppData\Local\Android\Sdk\emulator;C:\Users\fselvino\AppData\Local\Android\Sdk\platform-tools;C:\Users\fselvino\AppData\Local\Android\Sdk\tools;C:\Users\fselvino\AppData\Local\Android\Sdk\tools\bin;C:\Program Files (x86)\Yarn\bin\;C:\ProgramData\chocolatey\bin;C:\Program Files\nodejs\;C:\Program Files\Git\cmd;C:\Users\fselvino\AppData\Local\Microsoft\WindowsApps;C:\Users\fselvino\AppData\Local\Programs\Microsoft VS Code\bin;C:\Program Files\JetBrains\PyCharm 2019.1.3\bin;C:\Users\fselvino\AppData\Local\Android\Sdk\emulator;C:\Users\fselvino\AppData\Local\Android\Sdk\tools;C:\Users\fselvino\AppData\Local\Android\Sdk\tools\bin;C:\Users\fselvino\AppData\Local\Android\Sdk\platform-tools;C:\Users\fselvino\AppData\Local\Yarn\bin;C:\Users\fselvino\AppData\Roaming\npm;C:\Program Files\Git\cmd;C:\Program Files\Git\mingw64\bin;C:\Program Files\Git\usr\bin;C:\Program Files (x86)\cmder

Yarn version: 
  1.17.3

Node version: 
  12.8.1

Platform: 
  win32 x64

Trace: 
  Error: https://registry.yarnpkg.com/@babel-preset-react: Request "https://registry.yarnpkg.com/@babel-preset-react" returned a 405
      at Request.params.callback [as _callback] (C:\Program Files (x86)\Yarn\lib\cli.js:65948:18)
      at Request.self.callback (C:\Program Files (x86)\Yarn\lib\cli.js:140464:22)
      at Request.emit (events.js:203:13)
      at Request.<anonymous> (C:\Program Files (x86)\Yarn\lib\cli.js:141436:10)
      at Request.emit (events.js:203:13)
      at IncomingMessage.<anonymous> (C:\Program Files (x86)\Yarn\lib\cli.js:141358:12)
      at Object.onceWrapper (events.js:291:20)
      at IncomingMessage.emit (events.js:208:15)
      at endReadableNT (_stream_readable.js:1168:12)
      at processTicksAndRejections (internal/process/task_queues.js:77:11)

npm manifest: 
  {
    "name": "BootCamp_introducao_ao_react",
    "version": "1.0.0",
    "main": "index.js",
    "repository": "git@github.com:fselvino/BootCamp_introducao_ao_react.git",
    "author": "fernandoselvino@gmail.com <fernandoselvino@gmail.com>",
    "license": "MIT",
    "scripts": {
      "build": "webpack --mode development",
      "dev": "webpack-dev-server --mode development"
    }
  }

yarn manifest: 
  No manifest

Lockfile: 
  No lockfile
